<?xml version="1.0" encoding="UTF-8"?>
<!-- Generated by org.testng.reporters.JUnitXMLReporter -->
<testsuite ignored="0" hostname="JAYESH" failures="0" tests="4" name="Default test" time="27.912" errors="0" timestamp="2023-06-10T15:48:53 EDT">
  <testcase classname="com.asha.learninigselenium.RegistrationAndLoginDemo" name="validateSignUp" time="3.627"/>
  <testcase classname="com.asha.learninigselenium.RegistrationAndLoginDemo" name="validateLogin" time="1.718"/>
  <testcase classname="com.asha.learninigselenium.RegistrationAndLoginDemo" name="validateChangePassword" time="3.356"/>
  <testcase classname="com.asha.learninigselenium.RegistrationAndLoginDemo" name="loginWithCurrentPassword" time="1.564"/>
</testsuite> <!-- Default test -->
